{
  "stats": {
    "suites": 1,
    "tests": 3,
    "passes": 3,
    "pending": 0,
    "failures": 0,
    "start": "2022-11-10T11:45:11.582Z",
    "end": "2022-11-10T11:45:25.524Z",
    "duration": 13942,
    "testsRegistered": 3,
    "passPercent": 100,
    "pendingPercent": 0,
    "other": 0,
    "hasOther": false,
    "skipped": 0,
    "hasSkipped": false
  },
  "results": [
    {
      "uuid": "8bbb4ae3-c8de-41ae-9233-2ff4733b4263",
      "title": "",
      "fullFile": "cypress/integration/pom_example/actions.spec.js",
      "file": "cypress/integration/pom_example/actions.spec.js",
      "beforeHooks": [],
      "afterHooks": [],
      "tests": [],
      "suites": [
        {
          "uuid": "2fd487a9-41d6-49bf-8004-7f23b24149e0",
          "title": "Actions",
          "fullFile": "",
          "file": "",
          "beforeHooks": [],
          "afterHooks": [],
          "tests": [
            {
              "title": ".type() Valid email - type into a DOM element",
              "fullTitle": "Actions .type() Valid email - type into a DOM element",
              "timedOut": null,
              "duration": 4559,
              "state": "passed",
              "speed": "slow",
              "pass": true,
              "fail": false,
              "pending": false,
              "context": null,
              "code": "// https://on.cypress.io/type\nCypress.currentTest.retries(2);\nactions_pages_1.default.enter_email(actions_constants_1.default.email);\nactions_pages_1.default.type_special_keys_in_email_field();\nactions_pages_1.default.enter_email_slow_type(actions_constants_1.default.email);\nactions_pages_1.default.disabled_check();",
              "err": {},
              "uuid": "0f2f19d7-89d5-49a2-938b-c74fe404f0a7",
              "parentUUID": "2fd487a9-41d6-49bf-8004-7f23b24149e0",
              "isHook": false,
              "skipped": false
            },
            {
              "title": ".type() Valid email - type into a DOM element",
              "fullTitle": "Actions .type() Valid email - type into a DOM element",
              "timedOut": null,
              "duration": 4103,
              "state": "passed",
              "speed": "slow",
              "pass": true,
              "fail": false,
              "pending": false,
              "context": null,
              "code": "// https://on.cypress.io/type\nCypress.currentTest.retries(2);\nactions_pages_1.default.enter_email(actions_constants_1.default.invalid_email);\nactions_pages_1.default.type_special_keys_in_email_field();\nactions_pages_1.default.enter_email_slow_type(actions_constants_1.default.invalid_email);\nactions_pages_1.default.disabled_check();",
              "err": {},
              "uuid": "159f9807-08c0-4cba-9c02-61cb338ac2d7",
              "parentUUID": "2fd487a9-41d6-49bf-8004-7f23b24149e0",
              "isHook": false,
              "skipped": false
            },
            {
              "title": ".focus() - focus on a DOM element",
              "fullTitle": "Actions .focus() - focus on a DOM element",
              "timedOut": null,
              "duration": 275,
              "state": "passed",
              "speed": "slow",
              "pass": true,
              "fail": false,
              "pending": false,
              "context": null,
              "code": "// https://on.cypress.io/focus\nactions_pages_1.default.focus_validation();",
              "err": {},
              "uuid": "36e99769-64cb-42b6-801b-cbcdc6ca214b",
              "parentUUID": "2fd487a9-41d6-49bf-8004-7f23b24149e0",
              "isHook": false,
              "skipped": false
            }
          ],
          "suites": [],
          "passes": [
            "0f2f19d7-89d5-49a2-938b-c74fe404f0a7",
            "159f9807-08c0-4cba-9c02-61cb338ac2d7",
            "36e99769-64cb-42b6-801b-cbcdc6ca214b"
          ],
          "failures": [],
          "pending": [],
          "skipped": [],
          "duration": 8937,
          "root": false,
          "rootEmpty": false,
          "_timeout": 2000
        }
      ],
      "passes": [],
      "failures": [],
      "pending": [],
      "skipped": [],
      "duration": 0,
      "root": true,
      "rootEmpty": true,
      "_timeout": 2000
    }
  ],
  "meta": {
    "mocha": {
      "version": "7.0.1"
    },
    "mochawesome": {
      "options": {
        "quiet": false,
        "reportFilename": "mochawesome",
        "saveHtml": true,
        "saveJson": true,
        "consoleReporter": "spec",
        "useInlineDiffs": false,
        "code": true
      },
      "version": "6.3.1"
    },
    "marge": {
      "options": {
        "id": "default"
      },
      "version": "5.2.0"
    }
  }
}