{
  "stats": {
    "suites": 1,
    "tests": 1,
    "passes": 0,
    "pending": 0,
    "failures": 1,
    "start": "2022-11-19T18:52:09.619Z",
    "end": "2022-11-19T18:52:17.199Z",
    "duration": 7580,
    "testsRegistered": 1,
    "passPercent": 0,
    "pendingPercent": 0,
    "other": 0,
    "hasOther": false,
    "skipped": 0,
    "hasSkipped": false
  },
  "results": [
    {
      "uuid": "1f74acd1-97a6-4e86-a012-ef3836c2b9fa",
      "title": "",
      "fullFile": "cypress/e2e/pom/testinstallationPage.spec.js",
      "file": "cypress/e2e/pom/testinstallationPage.spec.js",
      "beforeHooks": [],
      "afterHooks": [],
      "tests": [],
      "suites": [
        {
          "uuid": "c9d4f864-e717-4b90-88c3-a7d8e10c0e50",
          "title": "test elements assertions",
          "fullFile": "",
          "file": "",
          "beforeHooks": [],
          "afterHooks": [],
          "tests": [
            {
              "title": "Checks for all the elements in installation page",
              "fullTitle": "test elements assertions Checks for all the elements in installation page",
              "timedOut": null,
              "duration": 5966,
              "state": "failed",
              "speed": null,
              "pass": false,
              "fail": true,
              "pending": false,
              "context": null,
              "code": "_installationNativeBase.default.installInReactNativeProjectWebHyperlink();\n_installationNativeBase.default.installInExpoHyperlink();\n_installationNativeBase.default.installInExpoProject();\n_installationNativeBase.default.previousBottomButton();\n_installationNativeBase.default.nextBottomButton();\n_installationNativeBase.default.clickMadeWithNativeBase();",
              "err": {
                "message": "Error: The following error originated from your application code, not from Cypress. It was caused by an unhandled promise rejection.\n\n  > 3000ms timeout exceeded\n\nWhen Cypress detects uncaught errors originating from your application it will automatically fail the current test.\n\nThis behavior is configurable, and you can choose to turn this off by listening to the `uncaught:exception` event.\n\nhttps://on.cypress.io/uncaught-exception-from-application\n\nBecause this error occurred during a `before each` hook we are skipping the remaining tests in the current suite: `test elements assertions`",
                "estack": "Error: The following error originated from your application code, not from Cypress. It was caused by an unhandled promise rejection.\n\n  > 3000ms timeout exceeded\n\nWhen Cypress detects uncaught errors originating from your application it will automatically fail the current test.\n\nThis behavior is configurable, and you can choose to turn this off by listening to the `uncaught:exception` event.\n\nhttps://on.cypress.io/uncaught-exception-from-application\n\nBecause this error occurred during a `before each` hook we are skipping the remaining tests in the current suite: `test elements assertions`\n    at <unknown> (https://docs.nativebase.io/_next/static/chunks/90-fef73f5fabb3bca1.js:1:1478928)\n    at i (https://docs.nativebase.io/installation:1:1454)\n    at <unknown> (https://docs.nativebase.io/installation:1:1827)",
                "diff": null
              },
              "uuid": "24deb983-4e79-4562-886b-f128baca9ae8",
              "parentUUID": "c9d4f864-e717-4b90-88c3-a7d8e10c0e50",
              "isHook": false,
              "skipped": false
            }
          ],
          "suites": [],
          "passes": [],
          "failures": [
            "24deb983-4e79-4562-886b-f128baca9ae8"
          ],
          "pending": [],
          "skipped": [],
          "duration": 5966,
          "root": false,
          "rootEmpty": false,
          "_timeout": 2000
        }
      ],
      "passes": [],
      "failures": [],
      "pending": [],
      "skipped": [],
      "duration": 0,
      "root": true,
      "rootEmpty": true,
      "_timeout": 2000
    }
  ],
  "meta": {
    "mocha": {
      "version": "7.0.1"
    },
    "mochawesome": {
      "options": {
        "quiet": false,
        "reportFilename": "mochawesome",
        "saveHtml": true,
        "saveJson": true,
        "consoleReporter": "spec",
        "useInlineDiffs": false,
        "code": true
      },
      "version": "6.3.1"
    },
    "marge": {
      "options": {
        "id": "default"
      },
      "version": "5.2.0"
    }
  }
}